7/17

CX on Fedora
    required libtxc_dxtn 32-bit library
        http://download1.rpmfusion.org/free/fedora/releases/26/Everything/i386/os/Packages/l/
    FS viewer Windows 64 bit error - out of date video drivers


7/15


External storage for games etc.
    mount -o remount,exec,suid


Crossover 
    Bottle settings
        drive letter for external storage
        graphics settings for dpi and resolution

    Check for issues with ./bin/cxdiag --debug
    Missing library doc: https://www.codeweavers.com/support/wiki/Diag

Steam on Linux
    never got working under xential Crouton.
        mesa drivers workig confirmed with glxinfo & glxgears 
        could not find 32 bit OpenGL libraries though installed per 
            https://www.codeweavers.com/support/wiki/Diag/MissingLibGL

4/1/17
Gnome Extensions chrome support
Installed Chrome app 
https://chrome.google.com/webstore/detail/gnome-shell-integration/gphhapmejobijbbhgpjhcjognlahblep
native connector from source
https://wiki.gnome.org/Projects/GnomeShellIntegrationForChrome/Installation

- Installing: /etc/chromium/native-messaging-hosts/org.gnome.chrome_gnome_shell.json
-- Installing: /etc/opt/chrome/native-messaging-hosts/org.gnome.chrome_gnome_shell.json
-- Installing: /usr/local/lib64/mozilla/native-messaging-hosts/org.gnome.chrome_gnome_shell.json
-- Installing: /etc/opt/chrome/policies/managed/chrome-gnome-shell.json
-- Installing: /etc/chromium/policies/managed/chrome-gnome-shell.json
-- Installing: /usr/local/share/applications/org.gnome.ChromeGnomeShell.desktop
-- Installing: /usr/local/share/dbus-1/services/org.gnome.ChromeGnomeShell.service
-- Installing: /usr/local/share/icons/gnome/16x16/apps/org.gnome.ChromeGnomeShell.png
-- Installing: /usr/local/share/icons/gnome/48x48/apps/org.gnome.ChromeGnomeShell.png
-- Installing: /usr/local/share/icons/gnome/128x128/apps/org.gnome.ChromeGnomeShell.png



