
2/17
    Android Rom install
        dirty install to upgrade ROM 
            wipe cache,davik only.
            minimal gapps install since may need to reinstall them anyway
            gapps version 32 bit on N5

2/3

CAC
    nginx
    For journalctl logging
     access_log syslog:server=unix:/dev/log;



1/27

Dell 11
SSh to new CAC server
Copying id_
No ECDSA host key is known for 64.137.182.62 and you have requested strict checking.
=> probably server does not support ed25519



1/23

Fedora reinstall
    Error installing bootloader
        PC BIOS in legacy mode
        Fedora installer not able to setup disk in uefi mode
    had to delete boot and uefi system partions


1/12

TP T530 
Home Dir
    checkvist and Enpass
        move to /opt
        updated desktop file
        works

    npm reinstall -g to /usr/lib/node_modules
    change prefix with npm config edit
        apps
            nativefier

Centos at CAC {{{1

12/19

Systemd upgrade 

12/18
Change ssh port to 2292



